<?xml version="1.0" encoding="UTF-8"?>
<testsuite xmlns:xsi="http://www.w3.org/2001/XMLSchema-instance" xsi:noNamespaceSchemaLocation="https://maven.apache.org/surefire/maven-surefire-plugin/xsd/surefire-test-report.xsd" name="com.lineagetool.AppTest" time="0.027" tests="3" errors="0" skipped="0" failures="0">
  <properties>
[...]
</properties>
  <testcase name="NodeTests" classname="com.lineagetool.AppTest" time="0.014"/>
  <testcase name="LineageTest" classname="com.lineagetool.AppTest" time="0.001"/>
  <testcase name="add" classname="com.lineagetool.AppTest" time="0"/>
</testsuite>