<?xml version="1.0" encoding="UTF-8"?>
<testsuite xmlns:xsi="http://www.w3.org/2001/XMLSchema-instance" xsi:noNamespaceSchemaLocation="https://maven.apache.org/surefire/maven-surefire-plugin/xsd/surefire-test-report-3.0.xsd" version="3.0" name="com.lineagetool.AppTest" time="0.067" tests="3" errors="0" skipped="0" failures="0">
  <properties>
[...]
</properties>
  <testcase name="NodeTests" classname="com.lineagetool.AppTest" time="0.053">
    <system-err><![CDATA[Apr 12, 2025 6:40:24 PM com.lineagetool.AppTest NodeTests
INFO: Node test: true
]]></system-err>
  </testcase>
  <testcase name="LineageTest" classname="com.lineagetool.AppTest" time="0.0">
    <system-err><![CDATA[Apr 12, 2025 6:40:24 PM com.lineagetool.AppTest LineageTest
INFO: Empty List test = false
]]></system-err>
  </testcase>
  <testcase name="add" classname="com.lineagetool.AppTest" time="0.001">
    <system-err><![CDATA[Apr 12, 2025 6:40:24 PM com.lineagetool.AppTest add
INFO: add first node = Bartholomew
]]></system-err>
  </testcase>
</testsuite>